#
# A fatal error has been detected by the Java Runtime Environment:
#
#  SIGSEGV (0xb) at pc=0x00000001072194f6, pid=1607, tid=24087
#
# JRE version: Java(TM) SE Runtime Environment (8.0-b132) (build 1.8.0-b132)
# Java VM: Java HotSpot(TM) 64-Bit Server VM (25.0-b70 mixed mode bsd-amd64 compressed oops)
# Problematic frame:
# J 20034 C2 java.io.File.<init>(Ljava/lang/String;)V (47 bytes) @ 0x00000001072194f6 [0x00000001072194c0+0x36]
#
# Failed to write core dump. Core dumps have been disabled. To enable core dumping, try "ulimit -c unlimited" before starting Java again
#
# If you would like to submit a bug report, please visit:
#   http://bugreport.sun.com/bugreport/crash.jsp
#

---------------  T H R E A D  ---------------

Current thread (0x00007ff230a94000):  JavaThread "FSEvent thread" daemon [_thread_in_Java, id=24087, stack(0x000000011ea29000,0x000000011eb29000)]

siginfo:si_signo=SIGSEGV: si_errno=0, si_code=1 (SEGV_MAPERR), si_addr=0x000000022d335374

Registers:
RAX=0x0000000116f23cd0, RBX=0x0000000116f23cd0, RCX=0x00000007a27f9c58, RDX=0x000000022d335368
RSP=0x000000011eb220b0, RBP=0x000000022d335368, RSI=0x00000007a27f9c58, RDI=0x0000000003d13fce
R8 =0x0000000003b0cddf, R9 =0x00000000ec337231, R10=0x0000000106467130, R11=0x00000007a27f9c58
R12=0x0000000000000000, R13=0x000000011eb220f8, R14=0x000000011eb22178, R15=0x00007ff230a94000
RIP=0x00000001072194f6, EFLAGS=0x0000000000010202, ERR=0x0000000000000004
  TRAPNO=0x000000000000000e

Top of Stack: (sp=0x000000011eb220b0)
0x000000011eb220b0:   00000007a27f9b50 00000007a27f9b50
0x000000011eb220c0:   000000011eb221c0 0000000107e9d5f4
0x000000011eb220d0:   000000011eb22110 0000000105e9bd1d
0x000000011eb220e0:   000000011eb22158 0000000106ac62e0
0x000000011eb220f0:   0000000106ac62e0 000000022d335368
0x000000011eb22100:   00000007a27f9c58 00000007a27f9c58
0x000000011eb22110:   00000007619b91a8 000000011eb22118
0x000000011eb22120:   00000001207d5ec9 000000011eb22178
0x000000011eb22130:   00000001207d6a28 0000000000000000
0x000000011eb22140:   00000001207d5f08 000000011eb220f8
0x000000011eb22150:   000000011eb22168 000000011eb221c0
0x000000011eb22160:   0000000106ac62e0 00000007a27f9b68
0x000000011eb22170:   00000007a27f9b38 00000007619b91a8
0x000000011eb22180:   000000011eb22180 00000001207d6963
0x000000011eb22190:   000000011eb221e0 00000001207d6a28
0x000000011eb221a0:   0000000000000000 00000001207d6998
0x000000011eb221b0:   000000011eb22168 000000011eb221d0
0x000000011eb221c0:   000000011eb22228 0000000106ac62e0
0x000000011eb221d0:   00000007a27f9b68 00000007a27f9b38
0x000000011eb221e0:   00000007619b91a8 000000011eb221e8
0x000000011eb221f0:   00000001207d0e09 000000011eb22290
0x000000011eb22200:   00000001207d1848 0000000000000000
0x000000011eb22210:   00000001207d1260 000000011eb221d0
0x000000011eb22220:   000000011eb22288 000000011eb222d8
0x000000011eb22230:   0000000106ac62e0 0000000000000000
0x000000011eb22240:   0000000000000000 0000000000000000
0x000000011eb22250:   0000000000000000 0000000000000000
0x000000011eb22260:   0000000000000000 0000000000000000
0x000000011eb22270:   00000007a27f9b38 00000007a27f9b68
0x000000011eb22280:   00000007619b91a8 0000000000000000
0x000000011eb22290:   0000000761995818 000000011eb22298
0x000000011eb222a0:   00000001207d24dd 000000011eb222f0 

Instructions: (pc=0x00000001072194f6)
0x00000001072194d6:   84 00 00 00 00 00 66 66 66 90 89 84 24 00 c0 fe
0x00000001072194e6:   ff 55 48 83 ec 30 4c 8b de 44 89 66 14 48 8b ea
0x00000001072194f6:   44 8b 4a 0c 45 85 c9 0f 84 d6 02 00 00 43 8b 4c
0x0000000107219506:   cc 0c 85 c9 0f 8e b5 02 00 00 85 c9 0f 86 f3 02 

Register to memory mapping:

RAX=0x0000000116f23cd0 is an unknown value
RBX=0x0000000116f23cd0 is an unknown value
RCX=0x00000007a27f9c58 is an oop
java.io.File 
 - klass: 'java/io/File'
RDX=0x000000022d335368 is an unknown value
RSP=0x000000011eb220b0 is pointing into the stack for thread: 0x00007ff230a94000
RBP=0x000000022d335368 is an unknown value
RSI=0x00000007a27f9c58 is an oop
java.io.File 
 - klass: 'java/io/File'
RDI=0x0000000003d13fce is an unknown value
R8 =0x0000000003b0cddf is an unknown value
R9 =0x00000000ec337231 is an unknown value
R10=0x0000000106467130: _ZN19TemplateInterpreter20_invoke_return_entryE+0 in /Library/Java/JavaVirtualMachines/jdk1.8.0.jdk/Contents/Home/jre/lib/server/libjvm.dylib at 0x0000000105c00000
R11=0x00000007a27f9c58 is an oop
java.io.File 
 - klass: 'java/io/File'
R12=0x0000000000000000 is an unknown value
R13=0x000000011eb220f8 is pointing into the stack for thread: 0x00007ff230a94000
R14=0x000000011eb22178 is pointing into the stack for thread: 0x00007ff230a94000
R15=0x00007ff230a94000 is a thread


Stack: [0x000000011ea29000,0x000000011eb29000],  sp=0x000000011eb220b0,  free space=996k
Native frames: (J=compiled Java code, j=interpreted, Vv=VM code, C=native code)
J 20034 C2 java.io.File.<init>(Ljava/lang/String;)V (47 bytes) @ 0x00000001072194f6 [0x00000001072194c0+0x36]
j  net.contentobjects.jnotify.macosx.JNotifyAdapterMacOSX$WatchData.scan(Lnet/contentobjects/jnotify/macosx/JNotifyAdapterMacOSX$ScanJob;Lnet/contentobjects/jnotify/macosx/JNotifyAdapterMacOSX$JNEvents;)V+9
j  net.contentobjects.jnotify.macosx.JNotifyAdapterMacOSX$WatchData.access$000(Lnet/contentobjects/jnotify/macosx/JNotifyAdapterMacOSX$WatchData;Lnet/contentobjects/jnotify/macosx/JNotifyAdapterMacOSX$ScanJob;Lnet/contentobjects/jnotify/macosx/JNotifyAdapterMacOSX$JNEvents;)V+3
j  net.contentobjects.jnotify.macosx.JNotifyAdapterMacOSX.batchEndEvent(I)V+73
j  net.contentobjects.jnotify.macosx.JNotifyAdapterMacOSX$1.batchEnd(I)V+5
j  net.contentobjects.jnotify.macosx.JNotify_macosx.callbackInBatch(IZ)V+26
v  ~StubRoutines::call_stub
V  [libjvm.dylib+0x2c54fa]
V  [libjvm.dylib+0x2fa364]
V  [libjvm.dylib+0x2ecff8]
C  [libjnotify.jnilib+0x1585]  fsevent_callback+0x115
C  [FSEvents+0x3bf8]  implementation_callback_rpc+0x817
C  [FSEvents+0x16e6]  _Xcallback_rpc+0xfe
C  [FSEvents+0x17ba]  FSEventsD2F_server+0x36
C  [FSEvents+0x6f84]  FSEventsClientProcessMessageCallback+0x2c
C  [CoreFoundation+0x8357a]  __CFMachPortPerform+0xfa
C  [CoreFoundation+0x83469]  __CFRUNLOOP_IS_CALLING_OUT_TO_A_SOURCE1_PERFORM_FUNCTION__+0x29
C  [CoreFoundation+0x833db]  __CFRunLoopDoSource1+0x1db
C  [CoreFoundation+0x74616]  __CFRunLoopRun+0x926
C  [CoreFoundation+0x73aa8]  CFRunLoopRunSpecific+0x128
C  [CoreFoundation+0x12bdf1]  CFRunLoopRun+0x61
j  net.contentobjects.jnotify.macosx.JNotify_macosx.nativeNotifyLoop()V+0
j  net.contentobjects.jnotify.macosx.JNotify_macosx.access$400()V+0
j  net.contentobjects.jnotify.macosx.JNotify_macosx$1.run()V+65
v  ~StubRoutines::call_stub
V  [libjvm.dylib+0x2c54fa]
V  [libjvm.dylib+0x2c5c88]
V  [libjvm.dylib+0x2c5e34]
V  [libjvm.dylib+0x31561b]
V  [libjvm.dylib+0x51d005]
V  [libjvm.dylib+0x51e742]
V  [libjvm.dylib+0x445786]
C  [libsystem_pthread.dylib+0x3844]  _pthread_body+0x83
C  [libsystem_pthread.dylib+0x37c1]  _pthread_body+0x0
C  [libsystem_pthread.dylib+0x1a11]  thread_start+0xd


---------------  P R O C E S S  ---------------

Java Threads: ( => current thread )
  0x00007ff2300e1800 JavaThread "pool-36-thread-10" [_thread_blocked, id=41767, stack(0x000000012437e000,0x000000012447e000)]
  0x00007ff22f15e800 JavaThread "pool-36-thread-9" [_thread_blocked, id=44335, stack(0x000000012427b000,0x000000012437b000)]
  0x00007ff231968800 JavaThread "pool-36-thread-8" [_thread_in_Java, id=45583, stack(0x0000000124178000,0x0000000124278000)]
  0x00007ff22ef72800 JavaThread "pool-36-thread-7" [_thread_blocked, id=23907, stack(0x0000000124075000,0x0000000124175000)]
  0x00007ff22f24b800 JavaThread "pool-36-thread-6" [_thread_blocked, id=45071, stack(0x0000000123f72000,0x0000000124072000)]
  0x00007ff23204f800 JavaThread "pool-36-thread-5" [_thread_blocked, id=22847, stack(0x0000000123e6f000,0x0000000123f6f000)]
  0x00007ff2324a7000 JavaThread "pool-36-thread-4" [_thread_blocked, id=39531, stack(0x00000001236dd000,0x00000001237dd000)]
  0x00007ff2330f8000 JavaThread "pool-36-thread-3" [_thread_blocked, id=42099, stack(0x00000001230d7000,0x00000001231d7000)]
  0x00007ff230ebf800 JavaThread "pool-36-thread-2" [_thread_blocked, id=39875, stack(0x0000000121997000,0x0000000121a97000)]
  0x00007ff230e26800 JavaThread "pool-36-thread-1" [_thread_blocked, id=42843, stack(0x000000011d295000,0x000000011d395000)]
  0x00007ff231820000 JavaThread "application-akka.actor.default-dispatcher-4" [_thread_blocked, id=41283, stack(0x00000001235da000,0x00000001236da000)]
  0x00007ff22f727800 JavaThread "application-akka.actor.default-dispatcher-2" [_thread_blocked, id=44083, stack(0x0000000122846000,0x0000000122946000)]
  0x00007ff23181f000 JavaThread "application-scheduler-1" [_thread_blocked, id=41607, stack(0x0000000121397000,0x0000000121497000)]
  0x00007ff230ebe800 JavaThread "BoneCP-pool-watch-thread" daemon [_thread_blocked, id=24891, stack(0x000000011f8a1000,0x000000011f9a1000)]
  0x00007ff231307000 JavaThread "BoneCP-max-alive-scheduler" daemon [_thread_blocked, id=40483, stack(0x000000011d69c000,0x000000011d79c000)]
  0x00007ff231d00000 JavaThread "BoneCP-keep-alive-scheduler" daemon [_thread_blocked, id=15171, stack(0x000000011cb9d000,0x000000011cc9d000)]
  0x00007ff230e66800 JavaThread "play-internal-execution-context-13" daemon [_thread_blocked, id=41047, stack(0x000000011dff0000,0x000000011e0f0000)]
  0x00007ff22ecaa800 JavaThread "play-akka.actor.default-dispatcher-25" [_thread_blocked, id=26695, stack(0x000000011fe7c000,0x000000011ff7c000)]
  0x00007ff22b87c800 JavaThread "Timer-0" [_thread_blocked, id=40779, stack(0x0000000122fd4000,0x00000001230d4000)]
  0x00007ff231af7800 JavaThread "Scala Presentation Compiler []" daemon [_thread_blocked, id=24347, stack(0x000000011edc5000,0x000000011eec5000)]
  0x00007ff23009e800 JavaThread "play-scheduler-1" [_thread_blocked, id=42255, stack(0x0000000121eb2000,0x0000000121fb2000)]
  0x00007ff231311000 JavaThread "Abandoned connection cleanup thread" daemon [_thread_blocked, id=43023, stack(0x000000011c929000,0x000000011ca29000)]
  0x00007ff230b3f800 JavaThread "New I/O server boss #17" [_thread_in_native, id=37891, stack(0x0000000121894000,0x0000000121994000)]
  0x00007ff230246800 JavaThread "New I/O worker #16" [_thread_in_native, id=37379, stack(0x0000000121791000,0x0000000121891000)]
  0x00007ff230993000 JavaThread "New I/O worker #15" [_thread_in_native, id=36867, stack(0x000000012168e000,0x000000012178e000)]
  0x00007ff230a27800 JavaThread "New I/O worker #14" [_thread_blocked, id=36355, stack(0x000000012158b000,0x000000012168b000)]
  0x00007ff230a26800 JavaThread "New I/O worker #13" [_thread_in_native, id=35843, stack(0x0000000121087000,0x0000000121187000)]
  0x00007ff2330e5800 JavaThread "New I/O worker #12" [_thread_in_native, id=35331, stack(0x0000000120f84000,0x0000000121084000)]
  0x00007ff233034000 JavaThread "New I/O worker #11" [_thread_in_native, id=34819, stack(0x0000000120e81000,0x0000000120f81000)]
  0x00007ff22eea0000 JavaThread "New I/O worker #10" [_thread_in_native, id=34307, stack(0x0000000120d7e000,0x0000000120e7e000)]
  0x00007ff230973000 JavaThread "New I/O worker #9" [_thread_in_native, id=33795, stack(0x0000000120c7b000,0x0000000120d7b000)]
  0x00007ff230aa1000 JavaThread "New I/O worker #8" [_thread_in_native, id=33283, stack(0x0000000120b78000,0x0000000120c78000)]
  0x00007ff233221000 JavaThread "New I/O worker #7" [_thread_in_native, id=32771, stack(0x0000000120a75000,0x0000000120b75000)]
  0x00007ff23098b800 JavaThread "New I/O worker #6" [_thread_in_native, id=32259, stack(0x0000000120972000,0x0000000120a72000)]
  0x00007ff23098b000 JavaThread "New I/O worker #5" [_thread_in_native, id=31747, stack(0x000000012086f000,0x000000012096f000)]
  0x00007ff231295000 JavaThread "New I/O worker #4" [_thread_in_native, id=31235, stack(0x000000012047b000,0x000000012057b000)]
  0x00007ff231294000 JavaThread "New I/O worker #3" [_thread_in_native, id=30723, stack(0x0000000120378000,0x0000000120478000)]
  0x00007ff230c21800 JavaThread "New I/O worker #2" [_thread_in_native, id=30211, stack(0x0000000120275000,0x0000000120375000)]
  0x00007ff2333fa800 JavaThread "New I/O worker #1" [_thread_in_native, id=29699, stack(0x000000011f52b000,0x000000011f62b000)]
=>0x00007ff230a94000 JavaThread "FSEvent thread" daemon [_thread_in_Java, id=24087, stack(0x000000011ea29000,0x000000011eb29000)]
  0x00007ff23104b000 JavaThread "pool-6-thread-7" [_thread_in_native, id=22551, stack(0x000000011deed000,0x000000011dfed000)]
  0x00007ff22b80f000 JavaThread "Service Thread" daemon [_thread_blocked, id=20995, stack(0x000000011b506000,0x000000011b606000)]
  0x00007ff22f801000 JavaThread "C1 CompilerThread3" daemon [_thread_blocked, id=20483, stack(0x000000011b403000,0x000000011b503000)]
  0x00007ff22f800000 JavaThread "C2 CompilerThread2" daemon [_thread_blocked, id=19971, stack(0x000000011b300000,0x000000011b400000)]
  0x00007ff22c020000 JavaThread "C2 CompilerThread1" daemon [_thread_blocked, id=19459, stack(0x000000011b1fd000,0x000000011b2fd000)]
  0x00007ff22c01e800 JavaThread "C2 CompilerThread0" daemon [_thread_blocked, id=18947, stack(0x000000011b0fa000,0x000000011b1fa000)]
  0x00007ff22c019800 JavaThread "Signal Dispatcher" daemon [_thread_blocked, id=15375, stack(0x000000011aff7000,0x000000011b0f7000)]
  0x00007ff22d801800 JavaThread "Finalizer" daemon [_thread_blocked, id=13571, stack(0x00000001196b0000,0x00000001197b0000)]
  0x00007ff22b822000 JavaThread "Reference Handler" daemon [_thread_blocked, id=13059, stack(0x00000001195ad000,0x00000001196ad000)]
  0x00007ff22c003800 JavaThread "main" [_thread_blocked, id=3335, stack(0x0000000104a35000,0x0000000104b35000)]

Other Threads:
  0x00007ff22c801000 VMThread [stack: 0x00000001194aa000,0x00000001195aa000] [id=12547]
  0x00007ff22b826800 WatcherThread [stack: 0x000000011b609000,0x000000011b709000] [id=21507]

VM state:not at safepoint (normal execution)

VM Mutex/Monitor currently owned by a thread: None

Heap:
 PSYoungGen      total 379392K, used 65887K [0x00000007a0000000, 0x00000007bc280000, 0x00000007c0000000)
  eden space 347136K, 11% used [0x00000007a0000000,0x00000007a2801c18,0x00000007b5300000)
  from space 32256K, 77% used [0x00000007b5300000,0x00000007b6b56250,0x00000007b7280000)
  to   space 35840K, 0% used [0x00000007b9f80000,0x00000007b9f80000,0x00000007bc280000)
 ParOldGen       total 522752K, used 62269K [0x0000000760000000, 0x000000077fe80000, 0x00000007a0000000)
  object space 522752K, 11% used [0x0000000760000000,0x0000000763ccf770,0x000000077fe80000)
 Metaspace       used 94058K, capacity 94857K, committed 95952K, reserved 1128448K
  class space    used 17154K, capacity 17379K, committed 17792K, reserved 1048576K

Card table byte_map: [0x0000000112dbf000,0x00000001130c0000] byte_map_base: 0x000000010f2bf000

Marking Bits: (ParMarkBitMap*) 0x00000001064660a0
 Begin Bits: [0x0000000113ad8000, 0x00000001152d8000)
 End Bits:   [0x00000001152d8000, 0x0000000116ad8000)

Polling page: 0x0000000104b79000

CodeCache: size=196608Kb used=50573Kb max_used=50589Kb free=146034Kb
 bounds [0x0000000106abf000, 0x0000000109c6f000, 0x0000000112abf000]
 total_blobs=15894 nmethods=15342 adapters=462
 compilation: enabled

Compilation events (10 events):
Event: 2327.671 Thread 0x00007ff22c01e800 nmethod 20172 0x0000000109c4fa10 code [0x0000000109c4fb80, 0x0000000109c4fd48]
Event: 2327.674 Thread 0x00007ff22c020000 20174       4       scala.collection.mutable.HashMap$::empty (5 bytes)
Event: 2327.675 Thread 0x00007ff22f801000 20175       3       scala.reflect.internal.Names$Name::endsWith (78 bytes)
Event: 2327.676 Thread 0x00007ff22f801000 nmethod 20175 0x0000000109c518d0 code [0x0000000109c51aa0, 0x0000000109c52490]
Event: 2327.679 Thread 0x00007ff22c020000 nmethod 20174 0x0000000109c5fb50 code [0x0000000109c5fca0, 0x0000000109c5fe58]
Event: 2327.682 Thread 0x00007ff22f801000 20176       3       scala.reflect.internal.SymbolTable::deriveTypeWithWildcards (7 bytes)
Event: 2327.682 Thread 0x00007ff22f801000 nmethod 20176 0x0000000109c5f7d0 code [0x0000000109c5f940, 0x0000000109c5fac8]
Event: 2327.682 Thread 0x00007ff22f801000 20177       3       scala.reflect.internal.Symbols$class::deriveTypeWithWildcards (38 bytes)
Event: 2327.683 Thread 0x00007ff22f801000 nmethod 20177 0x0000000109c61250 code [0x0000000109c614c0, 0x0000000109c62448]
Event: 2327.703 Thread 0x00007ff22f800000 nmethod 20168 0x0000000109c687d0 code [0x0000000109c68c40, 0x0000000109c6a3d0]

GC Heap History (10 events):
Event: 2174.409 GC heap before
{Heap before GC invocations=55 (full 3):
 PSYoungGen      total 323072K, used 211460K [0x00000007a0000000, 0x00000007b7f00000, 0x00000007c0000000)
  eden space 285184K, 71% used [0x00000007a0000000,0x00000007ac5d9370,0x00000007b1680000)
  from space 37888K, 23% used [0x00000007b1680000,0x00000007b1f28060,0x00000007b3b80000)
  to   space 35840K, 0% used [0x00000007b5c00000,0x00000007b5c00000,0x00000007b7f00000)
 ParOldGen       total 522752K, used 70696K [0x0000000760000000, 0x000000077fe80000, 0x00000007a0000000)
  object space 522752K, 13% used [0x0000000760000000,0x000000076450a3d8,0x000000077fe80000)
 Metaspace       used 94845K, capacity 95751K, committed 95952K, reserved 1128448K
  class space    used 17557K, capacity 17778K, committed 17792K, reserved 1048576K
Event: 2174.415 GC heap after
Heap after GC invocations=55 (full 3):
 PSYoungGen      total 347136K, used 3175K [0x00000007a0000000, 0x00000007b7980000, 0x00000007c0000000)
  eden space 316928K, 0% used [0x00000007a0000000,0x00000007a0000000,0x00000007b3580000)
  from space 30208K, 10% used [0x00000007b5c00000,0x00000007b5f19dd0,0x00000007b7980000)
  to   space 34816K, 0% used [0x00000007b3580000,0x00000007b3580000,0x00000007b5780000)
 ParOldGen       total 522752K, used 70905K [0x0000000760000000, 0x000000077fe80000, 0x00000007a0000000)
  object space 522752K, 13% used [0x0000000760000000,0x000000076453e448,0x000000077fe80000)
 Metaspace       used 94845K, capacity 95751K, committed 95952K, reserved 1128448K
  class space    used 17557K, capacity 17778K, committed 17792K, reserved 1048576K
}
Event: 2174.415 GC heap before
{Heap before GC invocations=56 (full 4):
 PSYoungGen      total 347136K, used 3175K [0x00000007a0000000, 0x00000007b7980000, 0x00000007c0000000)
  eden space 316928K, 0% used [0x00000007a0000000,0x00000007a0000000,0x00000007b3580000)
  from space 30208K, 10% used [0x00000007b5c00000,0x00000007b5f19dd0,0x00000007b7980000)
  to   space 34816K, 0% used [0x00000007b3580000,0x00000007b3580000,0x00000007b5780000)
 ParOldGen       total 522752K, used 70905K [0x0000000760000000, 0x000000077fe80000, 0x00000007a0000000)
  object space 522752K, 13% used [0x0000000760000000,0x000000076453e448,0x000000077fe80000)
 Metaspace       used 94845K, capacity 95751K, committed 95952K, reserved 1128448K
  class space    used 17557K, capacity 17778K, committed 17792K, reserved 1048576K
Event: 2174.784 GC heap after
Heap after GC invocations=56 (full 4):
 PSYoungGen      total 347136K, used 0K [0x00000007a0000000, 0x00000007b7980000, 0x00000007c0000000)
  eden space 316928K, 0% used [0x00000007a0000000,0x00000007a0000000,0x00000007b3580000)
  from space 30208K, 0% used [0x00000007b5c00000,0x00000007b5c00000,0x00000007b7980000)
  to   space 34816K, 0% used [0x00000007b3580000,0x00000007b3580000,0x00000007b5780000)
 ParOldGen       total 522752K, used 61974K [0x0000000760000000, 0x000000077fe80000, 0x00000007a0000000)
  object space 522752K, 11% used [0x0000000760000000,0x0000000763c85b08,0x000000077fe80000)
 Metaspace       used 92448K, capacity 92985K, committed 95952K, reserved 1128448K
  class space    used 16728K, capacity 16913K, committed 17792K, reserved 1048576K
}
Event: 2211.019 GC heap before
{Heap before GC invocations=57 (full 4):
 PSYoungGen      total 347136K, used 316928K [0x00000007a0000000, 0x00000007b7980000, 0x00000007c0000000)
  eden space 316928K, 100% used [0x00000007a0000000,0x00000007b3580000,0x00000007b3580000)
  from space 30208K, 0% used [0x00000007b5c00000,0x00000007b5c00000,0x00000007b7980000)
  to   space 34816K, 0% used [0x00000007b3580000,0x00000007b3580000,0x00000007b5780000)
 ParOldGen       total 522752K, used 61974K [0x0000000760000000, 0x000000077fe80000, 0x00000007a0000000)
  object space 522752K, 11% used [0x0000000760000000,0x0000000763c85b08,0x000000077fe80000)
 Metaspace       used 92565K, capacity 93145K, committed 95952K, reserved 1128448K
  class space    used 16755K, capacity 16945K, committed 17792K, reserved 1048576K
Event: 2211.023 GC heap after
Heap after GC invocations=57 (full 4):
 PSYoungGen      total 351744K, used 2724K [0x00000007a0000000, 0x00000007b9a00000, 0x00000007c0000000)
  eden space 316928K, 0% used [0x00000007a0000000,0x00000007a0000000,0x00000007b3580000)
  from space 34816K, 7% used [0x00000007b3580000,0x00000007b3829340,0x00000007b5780000)
  to   space 33792K, 0% used [0x00000007b7900000,0x00000007b7900000,0x00000007b9a00000)
 ParOldGen       total 522752K, used 61982K [0x0000000760000000, 0x000000077fe80000, 0x00000007a0000000)
  object space 522752K, 11% used [0x0000000760000000,0x0000000763c87b08,0x000000077fe80000)
 Metaspace       used 92565K, capacity 93145K, committed 95952K, reserved 1128448K
  class space    used 16755K, capacity 16945K, committed 17792K, reserved 1048576K
}
Event: 2326.557 GC heap before
{Heap before GC invocations=58 (full 4):
 PSYoungGen      total 351744K, used 319652K [0x00000007a0000000, 0x00000007b9a00000, 0x00000007c0000000)
  eden space 316928K, 100% used [0x00000007a0000000,0x00000007b3580000,0x00000007b3580000)
  from space 34816K, 7% used [0x00000007b3580000,0x00000007b3829340,0x00000007b5780000)
  to   space 33792K, 0% used [0x00000007b7900000,0x00000007b7900000,0x00000007b9a00000)
 ParOldGen       total 522752K, used 61982K [0x0000000760000000, 0x000000077fe80000, 0x00000007a0000000)
  object space 522752K, 11% used [0x0000000760000000,0x0000000763c87b08,0x000000077fe80000)
 Metaspace       used 93795K, capacity 94577K, committed 95952K, reserved 1128448K
  class space    used 17040K, capacity 17247K, committed 17792K, reserved 1048576K
Event: 2326.565 GC heap after
Heap after GC invocations=58 (full 4):
 PSYoungGen      total 372736K, used 4470K [0x00000007a0000000, 0x00000007b9200000, 0x00000007c0000000)
  eden space 347136K, 0% used [0x00000007a0000000,0x00000007a0000000,0x00000007b5300000)
  from space 25600K, 17% used [0x00000007b7900000,0x00000007b7d5da10,0x00000007b9200000)
  to   space 32256K, 0% used [0x00000007b5300000,0x00000007b5300000,0x00000007b7280000)
 ParOldGen       total 522752K, used 62261K [0x0000000760000000, 0x000000077fe80000, 0x00000007a0000000)
  object space 522752K, 11% used [0x0000000760000000,0x0000000763ccd770,0x000000077fe80000)
 Metaspace       used 93795K, capacity 94577K, committed 95952K, reserved 1128448K
  class space    used 17040K, capacity 17247K, committed 17792K, reserved 1048576K
}
Event: 2327.317 GC heap before
{Heap before GC invocations=59 (full 4):
 PSYoungGen      total 372736K, used 351606K [0x00000007a0000000, 0x00000007b9200000, 0x00000007c0000000)
  eden space 347136K, 100% used [0x00000007a0000000,0x00000007b5300000,0x00000007b5300000)
  from space 25600K, 17% used [0x00000007b7900000,0x00000007b7d5da10,0x00000007b9200000)
  to   space 32256K, 0% used [0x00000007b5300000,0x00000007b5300000,0x00000007b7280000)
 ParOldGen       total 522752K, used 62261K [0x0000000760000000, 0x000000077fe80000, 0x00000007a0000000)
  object space 522752K, 11% used [0x0000000760000000,0x0000000763ccd770,0x000000077fe80000)
 Metaspace       used 93976K, capacity 94793K, committed 95952K, reserved 1128448K
  class space    used 17140K, capacity 17379K, committed 17792K, reserved 1048576K
Event: 2327.343 GC heap after
Heap after GC invocations=59 (full 4):
 PSYoungGen      total 379392K, used 24920K [0x00000007a0000000, 0x00000007bc280000, 0x00000007c0000000)
  eden space 347136K, 0% used [0x00000007a0000000,0x00000007a0000000,0x00000007b5300000)
  from space 32256K, 77% used [0x00000007b5300000,0x00000007b6b56250,0x00000007b7280000)
  to   space 35840K, 0% used [0x00000007b9f80000,0x00000007b9f80000,0x00000007bc280000)
 ParOldGen       total 522752K, used 62269K [0x0000000760000000, 0x000000077fe80000, 0x00000007a0000000)
  object space 522752K, 11% used [0x0000000760000000,0x0000000763ccf770,0x000000077fe80000)
 Metaspace       used 93976K, capacity 94793K, committed 95952K, reserved 1128448K
  class space    used 17140K, capacity 17379K, committed 17792K, reserved 1048576K
}

Deoptimization events (10 events):
Event: 2327.426 Thread 0x00007ff231968800 Uncommon trap: reason=class_check action=maybe_recompile pc=0x0000000107f8cd50 method=scala.tools.nsc.ast.parser.Parsers$SourceFileParser.r2p(III)Lscala/reflect/internal/util/Position; @ 16
Event: 2327.427 Thread 0x00007ff231968800 Uncommon trap: reason=class_check action=maybe_recompile pc=0x0000000107f8cb00 method=scala.tools.nsc.ast.parser.Parsers$SourceFileParser.r2p(III)Lscala/reflect/internal/util/Position; @ 16
Event: 2327.427 Thread 0x00007ff231968800 Uncommon trap: reason=class_check action=maybe_recompile pc=0x0000000107f8cd50 method=scala.tools.nsc.ast.parser.Parsers$SourceFileParser.r2p(III)Lscala/reflect/internal/util/Position; @ 16
Event: 2327.428 Thread 0x00007ff231968800 Uncommon trap: reason=class_check action=maybe_recompile pc=0x0000000107f8cb00 method=scala.tools.nsc.ast.parser.Parsers$SourceFileParser.r2p(III)Lscala/reflect/internal/util/Position; @ 16
Event: 2327.428 Thread 0x00007ff231968800 Uncommon trap: reason=class_check action=maybe_recompile pc=0x0000000107f8cb00 method=scala.tools.nsc.ast.parser.Parsers$SourceFileParser.r2p(III)Lscala/reflect/internal/util/Position; @ 16
Event: 2327.550 Thread 0x00007ff231968800 Uncommon trap: reason=class_check action=maybe_recompile pc=0x0000000107f8cb00 method=scala.tools.nsc.ast.parser.Parsers$SourceFileParser.r2p(III)Lscala/reflect/internal/util/Position; @ 16
Event: 2327.551 Thread 0x00007ff231968800 Uncommon trap: reason=class_check action=maybe_recompile pc=0x0000000107f8cb00 method=scala.tools.nsc.ast.parser.Parsers$SourceFileParser.r2p(III)Lscala/reflect/internal/util/Position; @ 16
Event: 2327.555 Thread 0x00007ff231968800 Uncommon trap: reason=bimorphic action=maybe_recompile pc=0x0000000107645090 method=scala.tools.nsc.typechecker.Contexts$Context.make(Lscala/tools/nsc/CompilationUnits$CompilationUnit;Lscala/reflect/internal/Trees$Tree;Lscala/reflect/internal/Symbols$Symb
Event: 2327.555 Thread 0x00007ff231968800 Uncommon trap: reason=bimorphic action=maybe_recompile pc=0x0000000107645090 method=scala.tools.nsc.typechecker.Contexts$Context.make(Lscala/tools/nsc/CompilationUnits$CompilationUnit;Lscala/reflect/internal/Trees$Tree;Lscala/reflect/internal/Symbols$Symb
Event: 2327.557 Thread 0x00007ff231968800 Uncommon trap: reason=bimorphic action=maybe_recompile pc=0x0000000107645090 method=scala.tools.nsc.typechecker.Contexts$Context.make(Lscala/tools/nsc/CompilationUnits$CompilationUnit;Lscala/reflect/internal/Trees$Tree;Lscala/reflect/internal/Symbols$Symb

Internal exceptions (10 events):
Event: 2327.417 Thread 0x00007ff231968800 Exception <a 'java/security/PrivilegedActionException'> (0x00000007a08464e8) thrown at [/HUDSON/workspace/8-2-build-macosx-x86_64/jdk8/2238/hotspot/src/share/vm/prims/jvm.cpp, line 1248]
Event: 2327.418 Thread 0x00007ff231968800 Exception <a 'java/security/PrivilegedActionException'> (0x00000007a084a0a0) thrown at [/HUDSON/workspace/8-2-build-macosx-x86_64/jdk8/2238/hotspot/src/share/vm/prims/jvm.cpp, line 1248]
Event: 2327.418 Thread 0x00007ff231968800 Exception <a 'java/security/PrivilegedActionException'> (0x00000007a084a940) thrown at [/HUDSON/workspace/8-2-build-macosx-x86_64/jdk8/2238/hotspot/src/share/vm/prims/jvm.cpp, line 1248]
Event: 2327.418 Thread 0x00007ff231968800 Exception <a 'java/security/PrivilegedActionException'> (0x00000007a084b988) thrown at [/HUDSON/workspace/8-2-build-macosx-x86_64/jdk8/2238/hotspot/src/share/vm/prims/jvm.cpp, line 1248]
Event: 2327.422 Thread 0x00007ff231968800 Exception <a 'java/security/PrivilegedActionException'> (0x00000007a08df108) thrown at [/HUDSON/workspace/8-2-build-macosx-x86_64/jdk8/2238/hotspot/src/share/vm/prims/jvm.cpp, line 1248]
Event: 2327.422 Thread 0x00007ff231968800 Exception <a 'java/security/PrivilegedActionException'> (0x00000007a08dfff8) thrown at [/HUDSON/workspace/8-2-build-macosx-x86_64/jdk8/2238/hotspot/src/share/vm/prims/jvm.cpp, line 1248]
Event: 2327.422 Thread 0x00007ff231968800 Exception <a 'java/security/PrivilegedActionException'> (0x00000007a08e1840) thrown at [/HUDSON/workspace/8-2-build-macosx-x86_64/jdk8/2238/hotspot/src/share/vm/prims/jvm.cpp, line 1248]
Event: 2327.423 Thread 0x00007ff231968800 Exception <a 'java/security/PrivilegedActionException'> (0x00000007a08e5aa8) thrown at [/HUDSON/workspace/8-2-build-macosx-x86_64/jdk8/2238/hotspot/src/share/vm/prims/jvm.cpp, line 1248]
Event: 2327.423 Thread 0x00007ff231968800 Exception <a 'java/security/PrivilegedActionException'> (0x00000007a08e6988) thrown at [/HUDSON/workspace/8-2-build-macosx-x86_64/jdk8/2238/hotspot/src/share/vm/prims/jvm.cpp, line 1248]
Event: 2327.423 Thread 0x00007ff231968800 Exception <a 'java/security/PrivilegedActionException'> (0x00000007a08e8330) thrown at [/HUDSON/workspace/8-2-build-macosx-x86_64/jdk8/2238/hotspot/src/share/vm/prims/jvm.cpp, line 1248]

Events (10 events):
Event: 2327.551 Thread 0x00007ff231968800 DEOPT UNPACKING pc=0x0000000106b06250 sp=0x0000000124272eb8 mode 2
Event: 2327.555 Thread 0x00007ff231968800 Uncommon trap: trap_request=0xffffffc6 fr.pc=0x0000000107645090
Event: 2327.555 Thread 0x00007ff231968800 DEOPT PACKING pc=0x0000000107645090 sp=0x00000001242750f0
Event: 2327.555 Thread 0x00007ff231968800 DEOPT UNPACKING pc=0x0000000106b06250 sp=0x0000000124275090 mode 2
Event: 2327.555 Thread 0x00007ff231968800 Uncommon trap: trap_request=0xffffffc6 fr.pc=0x0000000107645090
Event: 2327.555 Thread 0x00007ff231968800 DEOPT PACKING pc=0x0000000107645090 sp=0x00000001242750f0
Event: 2327.555 Thread 0x00007ff231968800 DEOPT UNPACKING pc=0x0000000106b06250 sp=0x0000000124275090 mode 2
Event: 2327.557 Thread 0x00007ff231968800 Uncommon trap: trap_request=0xffffffc6 fr.pc=0x0000000107645090
Event: 2327.557 Thread 0x00007ff231968800 DEOPT PACKING pc=0x0000000107645090 sp=0x00000001242750f0
Event: 2327.557 Thread 0x00007ff231968800 DEOPT UNPACKING pc=0x0000000106b06250 sp=0x0000000124275090 mode 2


Dynamic libraries:
0x0000000004fd9000 	/System/Library/Frameworks/Cocoa.framework/Versions/A/Cocoa
0x0000000004fd9000 	/System/Library/Frameworks/Security.framework/Versions/A/Security
0x0000000004fd9000 	/System/Library/Frameworks/ApplicationServices.framework/Versions/A/ApplicationServices
0x0000000004fd9000 	/usr/lib/libz.1.dylib
0x0000000004fd9000 	/usr/lib/libSystem.B.dylib
0x0000000004fd9000 	/usr/lib/libobjc.A.dylib
0x0000000004fd9000 	/System/Library/Frameworks/CoreFoundation.framework/Versions/A/CoreFoundation
0x0000000004fd9000 	/System/Library/Frameworks/Foundation.framework/Versions/C/Foundation
0x0000000004fd9000 	/System/Library/Frameworks/AppKit.framework/Versions/C/AppKit
0x0000000004fd9000 	/System/Library/Frameworks/CoreData.framework/Versions/A/CoreData
0x0000000004fd9000 	/System/Library/PrivateFrameworks/RemoteViewServices.framework/Versions/A/RemoteViewServices
0x0000000004fd9000 	/System/Library/PrivateFrameworks/UIFoundation.framework/Versions/A/UIFoundation
0x0000000004fd9000 	/System/Library/Frameworks/AudioToolbox.framework/Versions/A/AudioToolbox
0x0000000004fd9000 	/System/Library/Frameworks/AudioUnit.framework/Versions/A/AudioUnit
0x0000000004fd9000 	/System/Library/PrivateFrameworks/DataDetectorsCore.framework/Versions/A/DataDetectorsCore
0x0000000004fd9000 	/System/Library/PrivateFrameworks/DesktopServicesPriv.framework/Versions/A/DesktopServicesPriv
0x0000000004fd9000 	/System/Library/Frameworks/Carbon.framework/Versions/A/Frameworks/HIToolbox.framework/Versions/A/HIToolbox
0x0000000004fd9000 	/System/Library/Frameworks/QuartzCore.framework/Versions/A/QuartzCore
0x0000000004fd9000 	/System/Library/Frameworks/Carbon.framework/Versions/A/Frameworks/SpeechRecognition.framework/Versions/A/SpeechRecognition
0x0000000004fd9000 	/usr/lib/libauto.dylib
0x0000000004fd9000 	/usr/lib/libicucore.A.dylib
0x0000000004fd9000 	/usr/lib/libxml2.2.dylib
0x0000000004fd9000 	/System/Library/PrivateFrameworks/CoreUI.framework/Versions/A/CoreUI
0x0000000004fd9000 	/System/Library/Frameworks/CoreAudio.framework/Versions/A/CoreAudio
0x0000000004fd9000 	/System/Library/Frameworks/DiskArbitration.framework/Versions/A/DiskArbitration
0x0000000004fd9000 	/usr/lib/liblangid.dylib
0x0000000004fd9000 	/System/Library/PrivateFrameworks/MultitouchSupport.framework/Versions/A/MultitouchSupport
0x0000000004fd9000 	/System/Library/Frameworks/IOKit.framework/Versions/A/IOKit
0x0000000004fd9000 	/usr/lib/libDiagnosticMessagesClient.dylib
0x0000000004fd9000 	/System/Library/Frameworks/CoreServices.framework/Versions/A/CoreServices
0x0000000004fd9000 	/System/Library/PrivateFrameworks/PerformanceAnalysis.framework/Versions/A/PerformanceAnalysis
0x0000000004fd9000 	/System/Library/PrivateFrameworks/GenerationalStorage.framework/Versions/A/GenerationalStorage
0x0000000004fd9000 	/System/Library/Frameworks/OpenGL.framework/Versions/A/OpenGL
0x0000000004fd9000 	/System/Library/PrivateFrameworks/Sharing.framework/Versions/A/Sharing
0x0000000004fd9000 	/System/Library/Frameworks/CoreGraphics.framework/Versions/A/CoreGraphics
0x0000000004fd9000 	/System/Library/Frameworks/CoreText.framework/Versions/A/CoreText
0x0000000004fd9000 	/System/Library/Frameworks/ImageIO.framework/Versions/A/ImageIO
0x0000000004fd9000 	/usr/lib/libextension.dylib
0x0000000004fd9000 	/System/Library/PrivateFrameworks/Backup.framework/Versions/A/Backup
0x0000000004fd9000 	/usr/lib/libarchive.2.dylib
0x0000000004fd9000 	/System/Library/Frameworks/CFNetwork.framework/Versions/A/CFNetwork
0x0000000004fd9000 	/System/Library/Frameworks/SystemConfiguration.framework/Versions/A/SystemConfiguration
0x0000000004fd9000 	/usr/lib/libCRFSuite.dylib
0x0000000004fd9000 	/usr/lib/libc++.1.dylib
0x0000000004fd9000 	/usr/lib/libc++abi.dylib
0x0000000004fd9000 	/usr/lib/system/libcache.dylib
0x0000000004fd9000 	/usr/lib/system/libcommonCrypto.dylib
0x0000000004fd9000 	/usr/lib/system/libcompiler_rt.dylib
0x0000000004fd9000 	/usr/lib/system/libcopyfile.dylib
0x0000000004fd9000 	/usr/lib/system/libcorecrypto.dylib
0x0000000004fd9000 	/usr/lib/system/libdispatch.dylib
0x0000000004fd9000 	/usr/lib/system/libdyld.dylib
0x0000000004fd9000 	/usr/lib/system/libkeymgr.dylib
0x0000000004fd9000 	/usr/lib/system/liblaunch.dylib
0x0000000004fd9000 	/usr/lib/system/libmacho.dylib
0x0000000004fd9000 	/usr/lib/system/libquarantine.dylib
0x0000000004fd9000 	/usr/lib/system/libremovefile.dylib
0x0000000004fd9000 	/usr/lib/system/libsystem_asl.dylib
0x0000000004fd9000 	/usr/lib/system/libsystem_blocks.dylib
0x0000000004fd9000 	/usr/lib/system/libsystem_c.dylib
0x0000000004fd9000 	/usr/lib/system/libsystem_configuration.dylib
0x0000000004fd9000 	/usr/lib/system/libsystem_coreservices.dylib
0x0000000004fd9000 	/usr/lib/system/libsystem_coretls.dylib
0x0000000004fd9000 	/usr/lib/system/libsystem_dnssd.dylib
0x0000000004fd9000 	/usr/lib/system/libsystem_info.dylib
0x0000000004fd9000 	/usr/lib/system/libsystem_kernel.dylib
0x0000000004fd9000 	/usr/lib/system/libsystem_m.dylib
0x0000000004fd9000 	/usr/lib/system/libsystem_malloc.dylib
0x0000000004fd9000 	/usr/lib/system/libsystem_network.dylib
0x0000000004fd9000 	/usr/lib/system/libsystem_networkextension.dylib
0x0000000004fd9000 	/usr/lib/system/libsystem_notify.dylib
0x0000000004fd9000 	/usr/lib/system/libsystem_platform.dylib
0x0000000004fd9000 	/usr/lib/system/libsystem_pthread.dylib
0x0000000004fd9000 	/usr/lib/system/libsystem_sandbox.dylib
0x0000000004fd9000 	/usr/lib/system/libsystem_secinit.dylib
0x0000000004fd9000 	/usr/lib/system/libsystem_stats.dylib
0x0000000004fd9000 	/usr/lib/system/libsystem_trace.dylib
0x0000000004fd9000 	/usr/lib/system/libunc.dylib
0x0000000004fd9000 	/usr/lib/system/libunwind.dylib
0x0000000004fd9000 	/usr/lib/system/libxpc.dylib
0x0000000004fd9000 	/usr/lib/libbz2.1.0.dylib
0x0000000004fd9000 	/usr/lib/liblzma.5.dylib
0x0000000004fd9000 	/usr/lib/libbsm.0.dylib
0x0000000004fd9000 	/usr/lib/libsqlite3.dylib
0x0000000004fd9000 	/usr/lib/system/libkxld.dylib
0x0000000004fd9000 	/usr/lib/libxar.1.dylib
0x0000000004fd9000 	/usr/lib/libpam.2.dylib
0x0000000004fd9000 	/usr/lib/libOpenScriptingUtil.dylib
0x0000000004fd9000 	/System/Library/Frameworks/CoreServices.framework/Versions/A/Frameworks/FSEvents.framework/Versions/A/FSEvents
0x0000000004fd9000 	/System/Library/Frameworks/CoreServices.framework/Versions/A/Frameworks/CarbonCore.framework/Versions/A/CarbonCore
0x0000000004fd9000 	/System/Library/Frameworks/CoreServices.framework/Versions/A/Frameworks/Metadata.framework/Versions/A/Metadata
0x0000000004fd9000 	/System/Library/Frameworks/CoreServices.framework/Versions/A/Frameworks/OSServices.framework/Versions/A/OSServices
0x0000000004fd9000 	/System/Library/Frameworks/CoreServices.framework/Versions/A/Frameworks/SearchKit.framework/Versions/A/SearchKit
0x0000000004fd9000 	/System/Library/Frameworks/CoreServices.framework/Versions/A/Frameworks/AE.framework/Versions/A/AE
0x0000000004fd9000 	/System/Library/Frameworks/CoreServices.framework/Versions/A/Frameworks/LaunchServices.framework/Versions/A/LaunchServices
0x0000000004fd9000 	/System/Library/Frameworks/CoreServices.framework/Versions/A/Frameworks/DictionaryServices.framework/Versions/A/DictionaryServices
0x0000000004fd9000 	/System/Library/Frameworks/NetFS.framework/Versions/A/NetFS
0x0000000004fd9000 	/System/Library/PrivateFrameworks/NetAuth.framework/Versions/A/NetAuth
0x0000000004fd9000 	/System/Library/PrivateFrameworks/login.framework/Versions/A/Frameworks/loginsupport.framework/Versions/A/loginsupport
0x0000000004fd9000 	/System/Library/PrivateFrameworks/TCC.framework/Versions/A/TCC
0x0000000004fd9000 	/System/Library/Frameworks/OpenDirectory.framework/Versions/A/Frameworks/CFOpenDirectory.framework/Versions/A/CFOpenDirectory
0x0000000004fd9000 	/System/Library/Frameworks/ServiceManagement.framework/Versions/A/ServiceManagement
0x0000000004fd9000 	/usr/lib/libxslt.1.dylib
0x0000000004fd9000 	/System/Library/Frameworks/Carbon.framework/Versions/A/Frameworks/Ink.framework/Versions/A/Ink
0x0000000004fd9000 	/System/Library/Frameworks/ApplicationServices.framework/Versions/A/Frameworks/ATS.framework/Versions/A/ATS
0x0000000004fd9000 	/System/Library/Frameworks/ApplicationServices.framework/Versions/A/Frameworks/ColorSync.framework/Versions/A/ColorSync
0x0000000004fd9000 	/System/Library/Frameworks/ApplicationServices.framework/Versions/A/Frameworks/HIServices.framework/Versions/A/HIServices
0x0000000004fd9000 	/System/Library/Frameworks/ApplicationServices.framework/Versions/A/Frameworks/LangAnalysis.framework/Versions/A/LangAnalysis
0x0000000004fd9000 	/System/Library/Frameworks/ApplicationServices.framework/Versions/A/Frameworks/PrintCore.framework/Versions/A/PrintCore
0x0000000004fd9000 	/System/Library/Frameworks/ApplicationServices.framework/Versions/A/Frameworks/QD.framework/Versions/A/QD
0x0000000004fd9000 	/System/Library/Frameworks/ApplicationServices.framework/Versions/A/Frameworks/SpeechSynthesis.framework/Versions/A/SpeechSynthesis
0x0000000004fd9000 	/System/Library/Frameworks/IOSurface.framework/Versions/A/IOSurface
0x0000000004fd9000 	/System/Library/Frameworks/Accelerate.framework/Versions/A/Accelerate
0x0000000004fd9000 	/System/Library/Frameworks/Accelerate.framework/Versions/A/Frameworks/vImage.framework/Versions/A/vImage
0x0000000004fd9000 	/System/Library/Frameworks/Accelerate.framework/Versions/A/Frameworks/vecLib.framework/Versions/A/vecLib
0x0000000004fd9000 	/System/Library/Frameworks/Accelerate.framework/Versions/A/Frameworks/vecLib.framework/Versions/A/libvDSP.dylib
0x0000000004fd9000 	/System/Library/Frameworks/Accelerate.framework/Versions/A/Frameworks/vecLib.framework/Versions/A/libvMisc.dylib
0x0000000004fd9000 	/System/Library/Frameworks/Accelerate.framework/Versions/A/Frameworks/vecLib.framework/Versions/A/libLAPACK.dylib
0x0000000004fd9000 	/System/Library/Frameworks/Accelerate.framework/Versions/A/Frameworks/vecLib.framework/Versions/A/libBLAS.dylib
0x0000000004fd9000 	/System/Library/Frameworks/Accelerate.framework/Versions/A/Frameworks/vecLib.framework/Versions/A/libLinearAlgebra.dylib
0x0000000004fd9000 	/System/Library/Frameworks/ApplicationServices.framework/Versions/A/Frameworks/ATS.framework/Versions/A/Resources/libFontParser.dylib
0x0000000004fd9000 	/System/Library/Frameworks/ApplicationServices.framework/Versions/A/Frameworks/ATS.framework/Versions/A/Resources/libFontRegistry.dylib
0x0000000004fd9000 	/System/Library/PrivateFrameworks/AppleVPA.framework/Versions/A/AppleVPA
0x0000000004fd9000 	/System/Library/PrivateFrameworks/AppleJPEG.framework/Versions/A/AppleJPEG
0x0000000004fd9000 	/System/Library/Frameworks/ImageIO.framework/Versions/A/Resources/libJPEG.dylib
0x0000000004fd9000 	/System/Library/Frameworks/ImageIO.framework/Versions/A/Resources/libTIFF.dylib
0x0000000004fd9000 	/System/Library/Frameworks/ImageIO.framework/Versions/A/Resources/libPng.dylib
0x0000000004fd9000 	/System/Library/Frameworks/ImageIO.framework/Versions/A/Resources/libGIF.dylib
0x0000000004fd9000 	/System/Library/Frameworks/ImageIO.framework/Versions/A/Resources/libJP2.dylib
0x0000000004fd9000 	/System/Library/Frameworks/ImageIO.framework/Versions/A/Resources/libRadiance.dylib
0x0000000004fd9000 	/System/Library/Frameworks/CoreVideo.framework/Versions/A/CoreVideo
0x0000000004fd9000 	/System/Library/Frameworks/OpenGL.framework/Versions/A/Libraries/libGLU.dylib
0x0000000004fd9000 	/System/Library/Frameworks/OpenGL.framework/Versions/A/Libraries/libGFXShared.dylib
0x0000000004fd9000 	/System/Library/Frameworks/OpenGL.framework/Versions/A/Libraries/libGL.dylib
0x0000000004fd9000 	/System/Library/Frameworks/OpenGL.framework/Versions/A/Libraries/libGLImage.dylib
0x0000000004fd9000 	/System/Library/Frameworks/OpenGL.framework/Versions/A/Libraries/libCVMSPluginSupport.dylib
0x0000000004fd9000 	/System/Library/Frameworks/OpenGL.framework/Versions/A/Libraries/libCoreVMClient.dylib
0x0000000004fd9000 	/usr/lib/libcups.2.dylib
0x0000000004fd9000 	/System/Library/Frameworks/Kerberos.framework/Versions/A/Kerberos
0x0000000004fd9000 	/System/Library/Frameworks/GSS.framework/Versions/A/GSS
0x0000000004fd9000 	/usr/lib/libresolv.9.dylib
0x0000000004fd9000 	/usr/lib/libiconv.2.dylib
0x0000000004fd9000 	/System/Library/PrivateFrameworks/Heimdal.framework/Versions/A/Heimdal
0x0000000004fd9000 	/usr/lib/libheimdal-asn1.dylib
0x0000000004fd9000 	/System/Library/Frameworks/OpenDirectory.framework/Versions/A/OpenDirectory
0x0000000004fd9000 	/System/Library/PrivateFrameworks/CommonAuth.framework/Versions/A/CommonAuth
0x0000000004fd9000 	/System/Library/Frameworks/SecurityFoundation.framework/Versions/A/SecurityFoundation
0x0000000004fd9000 	/System/Library/Frameworks/QuartzCore.framework/Versions/A/Frameworks/CoreImage.framework/Versions/A/CoreImage
0x0000000004fd9000 	/System/Library/PrivateFrameworks/CrashReporterSupport.framework/Versions/A/CrashReporterSupport
0x0000000004fd9000 	/System/Library/Frameworks/OpenCL.framework/Versions/A/OpenCL
0x0000000004fd9000 	/System/Library/PrivateFrameworks/FaceCore.framework/Versions/A/FaceCore
0x0000000004fd9000 	/System/Library/PrivateFrameworks/Ubiquity.framework/Versions/A/Ubiquity
0x0000000004fd9000 	/System/Library/PrivateFrameworks/IconServices.framework/Versions/A/IconServices
0x0000000004fd9000 	/System/Library/PrivateFrameworks/ChunkingLibrary.framework/Versions/A/ChunkingLibrary
0x0000000004fd9000 	/System/Library/PrivateFrameworks/DebugSymbols.framework/Versions/A/DebugSymbols
0x0000000004fd9000 	/System/Library/PrivateFrameworks/CommerceKit.framework/Versions/A/Frameworks/CommerceCore.framework/Versions/A/CommerceCore
0x0000000004fd9000 	/System/Library/PrivateFrameworks/CoreSymbolication.framework/Versions/A/CoreSymbolication
0x0000000004fd9000 	/System/Library/PrivateFrameworks/Symbolication.framework/Versions/A/Symbolication
0x0000000004fd9000 	/System/Library/PrivateFrameworks/AppContainer.framework/Versions/A/AppContainer
0x0000000004fd9000 	/System/Library/PrivateFrameworks/SecCodeWrapper.framework/Versions/A/SecCodeWrapper
0x0000000004fd9000 	/System/Library/PrivateFrameworks/SpeechRecognitionCore.framework/Versions/A/SpeechRecognitionCore
0x0000000049e12000 	/System/Library/CoreServices/Encodings/libKoreanConverter.dylib
0x0000000105c00000 	/Library/Java/JavaVirtualMachines/jdk1.8.0.jdk/Contents/Home/jre/lib/server/libjvm.dylib
0x0000000004fd9000 	/usr/lib/libstdc++.6.dylib
0x0000000104b37000 	/Library/Java/JavaVirtualMachines/jdk1.8.0.jdk/Contents/Home/jre/lib/libverify.dylib
0x0000000104b45000 	/Library/Java/JavaVirtualMachines/jdk1.8.0.jdk/Contents/Home/jre/lib/libjava.dylib
0x0000000104b83000 	/Library/Java/JavaVirtualMachines/jdk1.8.0.jdk/Contents/Home/jre/lib/libzip.dylib
0x00000001197b2000 	/System/Library/Frameworks/JavaVM.framework/Frameworks/JavaRuntimeSupport.framework/JavaRuntimeSupport
0x00000001197ca000 	/System/Library/Frameworks/JavaVM.framework/Versions/A/Frameworks/JavaNativeFoundation.framework/Versions/A/JavaNativeFoundation
0x00000001197df000 	/System/Library/Frameworks/JavaVM.framework/Versions/A/JavaVM
0x0000000004fd9000 	/System/Library/Frameworks/Carbon.framework/Versions/A/Carbon
0x00000001197ec000 	/System/Library/PrivateFrameworks/JavaLaunching.framework/Versions/A/JavaLaunching
0x0000000004fd9000 	/System/Library/Frameworks/Carbon.framework/Versions/A/Frameworks/CommonPanels.framework/Versions/A/CommonPanels
0x0000000004fd9000 	/System/Library/Frameworks/Carbon.framework/Versions/A/Frameworks/Help.framework/Versions/A/Help
0x0000000004fd9000 	/System/Library/Frameworks/Carbon.framework/Versions/A/Frameworks/ImageCapture.framework/Versions/A/ImageCapture
0x0000000004fd9000 	/System/Library/Frameworks/Carbon.framework/Versions/A/Frameworks/OpenScripting.framework/Versions/A/OpenScripting
0x0000000004fd9000 	/System/Library/Frameworks/Carbon.framework/Versions/A/Frameworks/Print.framework/Versions/A/Print
0x0000000004fd9000 	/System/Library/Frameworks/Carbon.framework/Versions/A/Frameworks/SecurityHI.framework/Versions/A/SecurityHI
0x000000011b96e000 	/Library/Java/JavaVirtualMachines/jdk1.8.0.jdk/Contents/Home/jre/lib/libnet.dylib
0x000000011b984000 	/Library/Java/JavaVirtualMachines/jdk1.8.0.jdk/Contents/Home/jre/lib/libnio.dylib
0x000000011c51a000 	/Users/changmatthew/Documents/workspace_play/NEW_FBVOL_PLAY/target/native_libraries/64bits/libjnotify.jnilib
0x0000000119853000 	/Library/Java/JavaVirtualMachines/jdk1.8.0.jdk/Contents/Home/jre/lib/libmanagement.dylib
0x000000011be9e000 	/Library/Java/JavaVirtualMachines/jdk1.8.0.jdk/Contents/Home/jre/lib/libsunec.dylib

VM Arguments:
jvm_args: -Xms512M -Xmx1536M -Xss1M -XX:ReservedCodeCacheSize=192m -XX:+CMSClassUnloadingEnabled -XX:MaxPermSize=512M -Dfile.encoding=UTF-8 -Dplay.version=2.2.2 -Dplay.home=/Users/changmatthew/play-2.2.2/framework -Dsbt.boot.properties=/Users/changmatthew/play-2.2.2/framework/sbt/sbt.boot.properties -Dsbt.scala.version=2.10.3 
java_command: /Users/changmatthew/play-2.2.2/framework/sbt/sbt-launch.jar play
java_class_path (initial): /Users/changmatthew/play-2.2.2/framework/sbt/sbt-launch.jar
Launcher Type: SUN_STANDARD

Environment Variables:
PATH=/Users/changmatthew/leJOS/bin:/Users/changmatthew/play-2.2.2:/Users/changmatthew/WAS/scala-2.11.0/bin:/usr/local/heroku/bin:/Users/changmatthew/leJOS/bin:/usr/bin:/bin:/usr/sbin:/sbin:/usr/local/bin:/Users/changmatthew/play-2.2.2:/opt/X11/bin:/User/schangmatthew/play-2.2.2:/Users/changmatthew/adt/sdk/platform-tools:/Users/changmatthew/adt/sdk/tools:/Users/changmatthew/ant/bin
SHELL=/bin/bash
DISPLAY=/private/tmp/com.apple.launchd.Hodjx79qGL/org.macosforge.xquartz:0

Signal Handlers:
SIGSEGV: [libjvm.dylib+0x55faef], sa_mask[0]=0xfffefeff, sa_flags=0x00000043
SIGBUS: [libjvm.dylib+0x55faef], sa_mask[0]=0xfffefeff, sa_flags=0x00000042
SIGFPE: [libjvm.dylib+0x44305a], sa_mask[0]=0xfffefeff, sa_flags=0x00000042
SIGPIPE: [libjvm.dylib+0x44305a], sa_mask[0]=0xfffefeff, sa_flags=0x00000042
SIGXFSZ: [libjvm.dylib+0x44305a], sa_mask[0]=0xfffefeff, sa_flags=0x00000042
SIGILL: [libjvm.dylib+0x44305a], sa_mask[0]=0xfffefeff, sa_flags=0x00000042
SIGUSR1: SIG_DFL, sa_mask[0]=0x63807efb, sa_flags=0x00000000
SIGUSR2: [libjvm.dylib+0x442b78], sa_mask[0]=0x00000000, sa_flags=0x00000042
SIGHUP: [libjvm.dylib+0x440f05], sa_mask[0]=0xfffefeff, sa_flags=0x00000042
SIGINT: [libjvm.dylib+0x440f05], sa_mask[0]=0xfffefeff, sa_flags=0x00000042
SIGTERM: [libjvm.dylib+0x440f05], sa_mask[0]=0xfffefeff, sa_flags=0x00000042
SIGQUIT: [libjvm.dylib+0x440f05], sa_mask[0]=0xfffefeff, sa_flags=0x00000042


---------------  S Y S T E M  ---------------

OS:Bsduname:Darwin 14.0.0 Darwin Kernel Version 14.0.0: Sat May 24 01:15:10 PDT 2014; root:xnu-2738.0.0.0.5~1/RELEASE_X86_64 x86_64
rlimit: STACK 8192k, CORE 0k, NPROC 709, NOFILE 10240, AS infinity
load average:5.02 3.38 2.80

CPU:total 8 (4 cores per cpu, 2 threads per core) family 6 model 58 stepping 9, cmov, cx8, fxsr, mmx, sse, sse2, sse3, ssse3, sse4.1, sse4.2, popcnt, avx, aes, clmul, erms, ht, tsc, tscinvbit

Memory: 4k page, physical 16777216k(2919312k free)

/proc/meminfo:


vm_info: Java HotSpot(TM) 64-Bit Server VM (25.0-b70) for bsd-amd64 JRE (1.8.0-b132), built on Mar  4 2014 03:11:43 by "java_re" with gcc 4.2.1 (Based on Apple Inc. build 5658) (LLVM build 2336.11.00)

time: Tue Jun  3 09:31:21 2014
elapsed time: 2327 seconds

